<?xml version="1.0" encoding="UTF-8"?>
<!-- Generated by org.testng.reporters.JUnitReportReporter -->
<testsuite hostname="DESKTOP-J3T8F3Q" failures="0" tests="1" name="testNGdemo.NewTest" time="0.021" errors="0" timestamp="2023-11-18T19:47:34 IST" skipped="0">
  <testcase classname="testNGdemo.NewTest" name="testcase" time="0.021"/>
  <system-out/>
</testsuite> <!-- testNGdemo.NewTest -->
