<?xml version="1.0" encoding="UTF-8"?>
<!-- Generated by org.testng.reporters.JUnitReportReporter -->
<testsuite hostname="DESKTOP-J3T8F3Q" failures="0" tests="1" name="testNGdemo.OpenYahoo" time="28.289" errors="0" timestamp="2023-11-19T14:46:20 IST" skipped="0">
  <testcase classname="testNGdemo.OpenYahoo" name="open" time="28.289"/>
  <system-out/>
</testsuite> <!-- testNGdemo.OpenYahoo -->
