<?xml version="1.0" encoding="UTF-8"?>
<!-- Generated by org.testng.reporters.JUnitReportReporter -->
<testsuite hostname="DESKTOP-J3T8F3Q" failures="0" tests="2" name="testNGdemo.crossbrowser" time="110.368" errors="0" timestamp="2023-11-18T19:20:15 IST" skipped="0">
  <testcase classname="testNGdemo.crossbrowser" name="open_chrome" time="24.015"/>
  <system-out/>
  <testcase classname="testNGdemo.crossbrowser" name="open_edge" time="86.353"/>
  <system-out/>
</testsuite> <!-- testNGdemo.crossbrowser -->
