<?xml version="1.0" encoding="UTF-8"?>
<!-- Generated by org.testng.reporters.JUnitReportReporter -->
<testsuite hostname="DESKTOP-J3T8F3Q" failures="0" tests="3" name="testNGdemo.testng1" time="0.020" errors="0" timestamp="2023-11-19T14:44:59 IST" skipped="0">
  <testcase classname="testNGdemo.testng1" name="method1" time="0.003"/>
  <system-out/>
  <testcase classname="testNGdemo.testng1" name="method2" time="0.013"/>
  <system-out/>
  <testcase classname="testNGdemo.testng1" name="method3" time="0.004"/>
  <system-out/>
</testsuite> <!-- testNGdemo.testng1 -->
