<?xml version="1.0" encoding="UTF-8"?>
<!-- Generated by org.testng.reporters.JUnitReportReporter -->
<testsuite hostname="DESKTOP-J3T8F3Q" failures="0" tests="2" name="testNGdemo.SkipDemo" time="0.035" errors="0" timestamp="2023-11-19T14:46:20 IST" skipped="1">
  <testcase classname="testNGdemo.SkipDemo" name="test1" time="0.031"/>
  <system-out/>
  <testcase classname="testNGdemo.SkipDemo" name="test2" time="0.004">
    <skipped/>
  </testcase> <!-- test2 -->
  <system-out/>
</testsuite> <!-- testNGdemo.SkipDemo -->
