<?xml version="1.0" encoding="UTF-8"?>
<!-- Generated by org.testng.reporters.JUnitReportReporter -->
<testsuite hostname="DESKTOP-J3T8F3Q" failures="0" tests="1" name="testNGdemo.Parameter1" time="0.062" errors="0" timestamp="2023-11-18T21:35:04 IST" skipped="0">
  <testcase classname="testNGdemo.Parameter1" name="display" time="0.062"/>
  <system-out/>
</testsuite> <!-- testNGdemo.Parameter1 -->
