<?xml version="1.0" encoding="UTF-8"?>
<!-- Generated by org.testng.reporters.JUnitReportReporter -->
<testsuite hostname="DESKTOP-J3T8F3Q" failures="0" tests="2" name="testNGdemo.Groupsdemo" time="0.029" errors="0" timestamp="2023-11-19T14:34:23 IST" skipped="0">
  <testcase classname="testNGdemo.Groupsdemo" name="test1" time="0.025"/>
  <system-out/>
  <testcase classname="testNGdemo.Groupsdemo" name="test2" time="0.004"/>
  <system-out/>
</testsuite> <!-- testNGdemo.Groupsdemo -->
