<?xml version="1.0" encoding="UTF-8"?>
<!-- Generated by org.testng.reporters.JUnitReportReporter -->
<testsuite hostname="DESKTOP-J3T8F3Q" failures="0" tests="1" name="DataDrivenDemo.Bothincorrect" time="15.750" errors="0" timestamp="2023-11-23T19:17:12 IST" skipped="0">
  <testcase classname="DataDrivenDemo.Bothincorrect" name="Login" time="15.750"/>
  <system-out/>
</testsuite> <!-- DataDrivenDemo.Bothincorrect -->
