<?xml version="1.0" encoding="UTF-8"?>
<!-- Generated by org.testng.reporters.JUnitReportReporter -->
<testsuite hostname="DESKTOP-J3T8F3Q" failures="0" tests="1" name="DataDrivenDemo.correctnameincrtpwd" time="24.018" errors="0" timestamp="2023-11-23T19:17:12 IST" skipped="0">
  <testcase classname="DataDrivenDemo.correctnameincrtpwd" name="Login" time="24.018"/>
  <system-out/>
</testsuite> <!-- DataDrivenDemo.correctnameincrtpwd -->
