<?xml version="1.0" encoding="UTF-8"?>
<!-- Generated by org.testng.reporters.JUnitReportReporter -->
<testsuite hostname="DESKTOP-J3T8F3Q" failures="0" tests="1" name="DataDrivenDemo2.UsingExcel$UsingDataProvider" time="0.000" errors="0" timestamp="2023-11-24T14:20:43 IST" skipped="1">
  <testcase classname="DataDrivenDemo2.UsingExcel$UsingDataProvider" name="Login" time="0.000">
    <skipped/>
  </testcase> <!-- Login -->
  <system-out/>
</testsuite> <!-- DataDrivenDemo2.UsingExcel$UsingDataProvider -->
