<?xml version="1.0" encoding="UTF-8"?>
<!-- Generated by org.testng.reporters.JUnitReportReporter -->
<testsuite hostname="DESKTOP-J3T8F3Q" failures="0" tests="4" name="testNGdemo.dependencydemo" time="0.031" errors="0" timestamp="2023-11-18T19:36:23 IST" skipped="1">
  <testcase classname="testNGdemo.dependencydemo" name="enter_credentials" time="0.005"/>
  <system-out/>
  <testcase classname="testNGdemo.dependencydemo" name="insert_card" time="0.022"/>
  <system-out/>
  <testcase classname="testNGdemo.dependencydemo" name="retrive_money" time="0.004"/>
  <system-out/>
  <testcase classname="testNGdemo.dependencydemo" name="check_bal">
    <skipped/>
  </testcase> <!-- check_bal -->
  <system-out/>
</testsuite> <!-- testNGdemo.dependencydemo -->
